18-11-2021 14:46:11 [info]: ------------ScraperService:start:START--------------- {"uuid":"b2fdc8c1-1b97-438c-9122-7cb16bb9227e","source":"list.am","usdRate":490}
18-11-2021 14:46:11 [info]: DBServiceVehicleSettings:getVehicleLatestSettings:START 
18-11-2021 14:46:11 [info]: DBServiceVehicleSettings:getVehicleSettingsLatestVersionNumber:START 
18-11-2021 14:46:11 [info]: DBServiceVehicleSettings:getVehicleSettingsLatestVersionNumber:SUCCESS {"current_version_number":1}
18-11-2021 14:46:11 [info]: DBServiceVehicleSettings:getVehicleLatestSettings:SUCCESS 
18-11-2021 14:46:11 [info]: ScraperService:createVehicleSettings:SKIPPED 
18-11-2021 14:46:11 [info]: DBService:createScrappingHistory:START 
18-11-2021 14:46:11 [info]: DBServiceVehicleSettings:getVehicleSettingsLatestVersionNumber:START 
18-11-2021 14:46:11 [info]: DBServiceVehicleSettings:getVehicleSettingsLatestVersionNumber:SUCCESS {"current_version_number":1}
18-11-2021 14:46:11 [info]: DBService:createScrappingHistory:SUCCESS {"scrapping_history_id":322}
18-11-2021 14:46:11 [info]: DBService:getVehicleCategories:START 
18-11-2021 14:46:11 [info]: DBService:getVehicleCategories:SUCCESS {"categories":["5"]}
18-11-2021 14:46:11 [info]: DBServiceVehicleSettings:getVehicleSettingsCategories:START 
18-11-2021 14:46:11 [info]: DBServiceVehicleSettings:getVehicleLatestSettings:START 
18-11-2021 14:46:11 [info]: DBServiceVehicleSettings:getVehicleSettingsLatestVersionNumber:START 
18-11-2021 14:46:11 [info]: DBServiceVehicleSettings:getVehicleSettingsLatestVersionNumber:SUCCESS {"current_version_number":1}
18-11-2021 14:46:11 [info]: DBServiceVehicleSettings:getVehicleLatestSettings:SUCCESS 
18-11-2021 14:46:11 [info]: DBServiceVehicleSettings:getVehicleSettingsCategories:SUCCESS 
18-11-2021 14:46:11 [info]: ScrapVehiclesJob:dispatch:START 
18-11-2021 14:46:11 [info]: ListAmScraper:getScrapedRealEstate:START 
18-11-2021 14:46:12 [error]: ListAmScraper:getCarsByModel:FAILED {"ERROR":"carsList.map is not a function"}
18-11-2021 14:46:12 [error]: ListAmScraper:getScrapedVehicles:FAILED 
18-11-2021 14:46:12 [error]: ScraperService:scrapVehiclesJob:FAILED {"ERROR":"ListAm scraping failed"}
18-11-2021 14:46:12 [info]: DBService:setScrappingFailed:START {"scrapping_history_id":322}
18-11-2021 14:46:12 [info]: DBService:setScrappingFailed:SUCCESS 
18-11-2021 14:48:35 [info]: ------------ScraperService:start:START--------------- {"uuid":"dffa3c6e-3721-4463-b7f6-050235f1bbea","source":"list.am","usdRate":490}
18-11-2021 14:48:35 [info]: DBServiceVehicleSettings:getVehicleLatestSettings:START 
18-11-2021 14:48:35 [info]: DBServiceVehicleSettings:getVehicleSettingsLatestVersionNumber:START 
18-11-2021 14:48:35 [info]: DBServiceVehicleSettings:getVehicleSettingsLatestVersionNumber:SUCCESS {"current_version_number":1}
18-11-2021 14:48:35 [info]: DBServiceVehicleSettings:getVehicleLatestSettings:SUCCESS 
18-11-2021 14:48:35 [info]: ScraperService:createVehicleSettings:SKIPPED 
18-11-2021 14:48:35 [info]: DBService:createScrappingHistory:START 
18-11-2021 14:48:35 [info]: DBServiceVehicleSettings:getVehicleSettingsLatestVersionNumber:START 
18-11-2021 14:48:35 [info]: DBServiceVehicleSettings:getVehicleSettingsLatestVersionNumber:SUCCESS {"current_version_number":1}
18-11-2021 14:48:35 [info]: DBService:createScrappingHistory:SUCCESS {"scrapping_history_id":323}
18-11-2021 14:48:35 [info]: DBService:getVehicleCategories:START 
18-11-2021 14:48:35 [info]: DBService:getVehicleCategories:SUCCESS {"categories":["5"]}
18-11-2021 14:48:35 [info]: DBServiceVehicleSettings:getVehicleSettingsCategories:START 
18-11-2021 14:48:35 [info]: DBServiceVehicleSettings:getVehicleLatestSettings:START 
18-11-2021 14:48:35 [info]: DBServiceVehicleSettings:getVehicleSettingsLatestVersionNumber:START 
18-11-2021 14:48:35 [info]: DBServiceVehicleSettings:getVehicleSettingsLatestVersionNumber:SUCCESS {"current_version_number":1}
18-11-2021 14:48:35 [info]: DBServiceVehicleSettings:getVehicleLatestSettings:SUCCESS 
18-11-2021 14:48:35 [info]: DBServiceVehicleSettings:getVehicleSettingsCategories:SUCCESS 
18-11-2021 14:48:35 [info]: ScrapVehiclesJob:dispatch:START 
18-11-2021 14:48:35 [info]: ListAmScraper:getScrapedRealEstate:START 
18-11-2021 14:48:35 [error]: ListAmScraper:getCarsByModel:FAILED {"ERROR":"carsList.map is not a function"}
18-11-2021 14:48:35 [error]: ListAmScraper:getScrapedVehicles:FAILED 
18-11-2021 14:48:35 [error]: ScraperService:scrapVehiclesJob:FAILED {"ERROR":"ListAm scraping failed"}
18-11-2021 14:48:35 [info]: DBService:setScrappingFailed:START {"scrapping_history_id":323}
18-11-2021 14:48:36 [info]: DBService:setScrappingFailed:SUCCESS 
18-11-2021 14:58:43 [info]: ------------ScraperService:start:START--------------- {"uuid":"369899f5-a166-4bd6-aa60-6967a2e8823f","source":"list.am","usdRate":490}
18-11-2021 14:58:43 [info]: DBServiceVehicleSettings:getVehicleLatestSettings:START 
18-11-2021 14:58:43 [info]: DBServiceVehicleSettings:getVehicleSettingsLatestVersionNumber:START 
18-11-2021 14:58:43 [info]: DBServiceVehicleSettings:getVehicleSettingsLatestVersionNumber:SUCCESS {"current_version_number":1}
18-11-2021 14:58:43 [info]: DBServiceVehicleSettings:getVehicleLatestSettings:SUCCESS 
18-11-2021 14:58:43 [info]: ScraperService:createVehicleSettings:SKIPPED 
18-11-2021 14:58:43 [info]: DBService:createScrappingHistory:START 
18-11-2021 14:58:43 [info]: DBServiceVehicleSettings:getVehicleSettingsLatestVersionNumber:START 
18-11-2021 14:58:43 [info]: DBServiceVehicleSettings:getVehicleSettingsLatestVersionNumber:SUCCESS {"current_version_number":1}
18-11-2021 14:58:43 [info]: DBService:createScrappingHistory:SUCCESS {"scrapping_history_id":324}
18-11-2021 14:58:43 [info]: DBService:getVehicleCategories:START 
18-11-2021 14:58:43 [info]: DBService:getVehicleCategories:SUCCESS {"categories":["5"]}
18-11-2021 14:58:43 [info]: DBServiceVehicleSettings:getVehicleSettingsCategories:START 
18-11-2021 14:58:43 [info]: DBServiceVehicleSettings:getVehicleLatestSettings:START 
18-11-2021 14:58:43 [info]: DBServiceVehicleSettings:getVehicleSettingsLatestVersionNumber:START 
18-11-2021 14:58:43 [info]: DBServiceVehicleSettings:getVehicleSettingsLatestVersionNumber:SUCCESS {"current_version_number":1}
18-11-2021 14:58:43 [info]: DBServiceVehicleSettings:getVehicleLatestSettings:SUCCESS 
18-11-2021 14:58:43 [info]: DBServiceVehicleSettings:getVehicleSettingsCategories:SUCCESS 
18-11-2021 14:58:43 [info]: ScrapVehiclesJob:dispatch:START 
18-11-2021 14:58:43 [info]: ListAmScraper:getScrapedRealEstate:START 
18-11-2021 14:58:44 [error]: ListAmScraper:getCarProperties:FAILED {"ERROR":"$(...).click is not a function"}
18-11-2021 14:58:44 [error]: ListAmScraper:getCarsByModel:FAILED {"ERROR":"Cannot read property 'map' of undefined"}
18-11-2021 14:58:44 [error]: ListAmScraper:getScrapedVehicles:FAILED 
18-11-2021 14:58:44 [error]: ScraperService:scrapVehiclesJob:FAILED {"ERROR":"ListAm scraping failed"}
18-11-2021 14:58:44 [info]: DBService:setScrappingFailed:START {"scrapping_history_id":324}
18-11-2021 14:58:44 [info]: DBService:setScrappingFailed:SUCCESS 
18-11-2021 15:06:42 [info]: ------------ScraperService:start:START--------------- {"uuid":"66fde101-ea30-4a4e-9ddf-42420c8cfd10","source":"list.am","usdRate":490}
18-11-2021 15:06:42 [info]: DBServiceVehicleSettings:getVehicleLatestSettings:START 
18-11-2021 15:06:42 [info]: DBServiceVehicleSettings:getVehicleSettingsLatestVersionNumber:START 
18-11-2021 15:06:42 [info]: DBServiceVehicleSettings:getVehicleSettingsLatestVersionNumber:SUCCESS {"current_version_number":1}
18-11-2021 15:06:42 [info]: DBServiceVehicleSettings:getVehicleLatestSettings:SUCCESS 
18-11-2021 15:06:42 [info]: ScraperService:createVehicleSettings:SKIPPED 
18-11-2021 15:06:42 [info]: DBService:createScrappingHistory:START 
18-11-2021 15:06:42 [info]: DBServiceVehicleSettings:getVehicleSettingsLatestVersionNumber:START 
18-11-2021 15:06:42 [info]: DBServiceVehicleSettings:getVehicleSettingsLatestVersionNumber:SUCCESS {"current_version_number":1}
18-11-2021 15:06:42 [info]: DBService:createScrappingHistory:SUCCESS {"scrapping_history_id":325}
18-11-2021 15:06:42 [info]: DBService:getVehicleCategories:START 
18-11-2021 15:06:42 [info]: DBService:getVehicleCategories:SUCCESS {"categories":["5"]}
18-11-2021 15:06:42 [info]: DBServiceVehicleSettings:getVehicleSettingsCategories:START 
18-11-2021 15:06:42 [info]: DBServiceVehicleSettings:getVehicleLatestSettings:START 
18-11-2021 15:06:42 [info]: DBServiceVehicleSettings:getVehicleSettingsLatestVersionNumber:START 
18-11-2021 15:06:42 [info]: DBServiceVehicleSettings:getVehicleSettingsLatestVersionNumber:SUCCESS {"current_version_number":1}
18-11-2021 15:06:42 [info]: DBServiceVehicleSettings:getVehicleLatestSettings:SUCCESS 
18-11-2021 15:06:42 [info]: DBServiceVehicleSettings:getVehicleSettingsCategories:SUCCESS 
18-11-2021 15:06:43 [info]: ScrapVehiclesJob:dispatch:START 
18-11-2021 15:06:43 [info]: ListAmScraper:getScrapedRealEstate:START 
18-11-2021 15:06:43 [error]: ListAmScraper:getCarProperties:FAILED {"ERROR":"document is not defined"}
18-11-2021 15:06:43 [error]: ListAmScraper:getCarsByModel:FAILED {"ERROR":"Cannot read property 'map' of undefined"}
18-11-2021 15:06:43 [error]: ListAmScraper:getScrapedVehicles:FAILED 
18-11-2021 15:06:43 [error]: ScraperService:scrapVehiclesJob:FAILED {"ERROR":"ListAm scraping failed"}
18-11-2021 15:06:43 [info]: DBService:setScrappingFailed:START {"scrapping_history_id":325}
18-11-2021 15:06:43 [info]: DBService:setScrappingFailed:SUCCESS 
18-11-2021 15:07:54 [info]: ------------ScraperService:start:START--------------- {"uuid":"ba2c0ab0-3e7d-4fac-a5d8-ac045185751e","source":"list.am","usdRate":490}
18-11-2021 15:07:54 [info]: DBServiceVehicleSettings:getVehicleLatestSettings:START 
18-11-2021 15:07:54 [info]: DBServiceVehicleSettings:getVehicleSettingsLatestVersionNumber:START 
18-11-2021 15:07:54 [info]: DBServiceVehicleSettings:getVehicleSettingsLatestVersionNumber:SUCCESS {"current_version_number":1}
18-11-2021 15:07:54 [info]: DBServiceVehicleSettings:getVehicleLatestSettings:SUCCESS 
18-11-2021 15:07:54 [info]: ScraperService:createVehicleSettings:SKIPPED 
18-11-2021 15:07:54 [info]: DBService:createScrappingHistory:START 
18-11-2021 15:07:54 [info]: DBServiceVehicleSettings:getVehicleSettingsLatestVersionNumber:START 
18-11-2021 15:07:54 [info]: DBServiceVehicleSettings:getVehicleSettingsLatestVersionNumber:SUCCESS {"current_version_number":1}
18-11-2021 15:07:54 [info]: DBService:createScrappingHistory:SUCCESS {"scrapping_history_id":326}
18-11-2021 15:07:54 [info]: DBService:getVehicleCategories:START 
18-11-2021 15:07:54 [info]: DBService:getVehicleCategories:SUCCESS {"categories":["5"]}
18-11-2021 15:07:54 [info]: DBServiceVehicleSettings:getVehicleSettingsCategories:START 
18-11-2021 15:07:54 [info]: DBServiceVehicleSettings:getVehicleLatestSettings:START 
18-11-2021 15:07:54 [info]: DBServiceVehicleSettings:getVehicleSettingsLatestVersionNumber:START 
18-11-2021 15:07:54 [info]: DBServiceVehicleSettings:getVehicleSettingsLatestVersionNumber:SUCCESS {"current_version_number":1}
18-11-2021 15:07:54 [info]: DBServiceVehicleSettings:getVehicleLatestSettings:SUCCESS 
18-11-2021 15:07:54 [info]: DBServiceVehicleSettings:getVehicleSettingsCategories:SUCCESS 
18-11-2021 15:07:54 [info]: ScrapVehiclesJob:dispatch:START 
18-11-2021 15:07:54 [info]: ListAmScraper:getScrapedRealEstate:START 
18-11-2021 15:07:55 [error]: ListAmScraper:getCarProperties:FAILED {"ERROR":"$.createEvent is not a function"}
18-11-2021 15:07:55 [error]: ListAmScraper:getCarsByModel:FAILED {"ERROR":"Cannot read property 'map' of undefined"}
18-11-2021 15:07:55 [error]: ListAmScraper:getScrapedVehicles:FAILED 
18-11-2021 15:07:55 [error]: ScraperService:scrapVehiclesJob:FAILED {"ERROR":"ListAm scraping failed"}
18-11-2021 15:07:55 [info]: DBService:setScrappingFailed:START {"scrapping_history_id":326}
18-11-2021 15:07:55 [info]: DBService:setScrappingFailed:SUCCESS 
18-11-2021 15:33:49 [info]: ------------ScraperService:start:START--------------- {"uuid":"446191db-5ba0-434d-b832-c3d12df3b741","source":"list.am","usdRate":490}
18-11-2021 15:33:49 [info]: DBServiceVehicleSettings:getVehicleLatestSettings:START 
18-11-2021 15:33:49 [info]: DBServiceVehicleSettings:getVehicleSettingsLatestVersionNumber:START 
18-11-2021 15:33:49 [info]: DBServiceVehicleSettings:getVehicleSettingsLatestVersionNumber:SUCCESS {"current_version_number":1}
18-11-2021 15:33:49 [info]: DBServiceVehicleSettings:getVehicleLatestSettings:SUCCESS 
18-11-2021 15:33:49 [info]: ScraperService:createVehicleSettings:SKIPPED 
18-11-2021 15:33:49 [info]: DBService:createScrappingHistory:START 
18-11-2021 15:33:49 [info]: DBServiceVehicleSettings:getVehicleSettingsLatestVersionNumber:START 
18-11-2021 15:33:49 [info]: DBServiceVehicleSettings:getVehicleSettingsLatestVersionNumber:SUCCESS {"current_version_number":1}
18-11-2021 15:33:49 [info]: DBService:createScrappingHistory:SUCCESS {"scrapping_history_id":327}
18-11-2021 15:33:49 [info]: DBService:getVehicleCategories:START 
18-11-2021 15:33:49 [info]: DBService:getVehicleCategories:SUCCESS {"categories":["5"]}
18-11-2021 15:33:49 [info]: DBServiceVehicleSettings:getVehicleSettingsCategories:START 
18-11-2021 15:33:49 [info]: DBServiceVehicleSettings:getVehicleLatestSettings:START 
18-11-2021 15:33:49 [info]: DBServiceVehicleSettings:getVehicleSettingsLatestVersionNumber:START 
18-11-2021 15:33:49 [info]: DBServiceVehicleSettings:getVehicleSettingsLatestVersionNumber:SUCCESS {"current_version_number":1}
18-11-2021 15:33:49 [info]: DBServiceVehicleSettings:getVehicleLatestSettings:SUCCESS 
18-11-2021 15:33:49 [info]: DBServiceVehicleSettings:getVehicleSettingsCategories:SUCCESS 
18-11-2021 15:33:49 [info]: ScrapVehiclesJob:dispatch:START 
18-11-2021 15:33:49 [info]: ListAmScraper:getScrapedRealEstate:START 
18-11-2021 15:33:50 [error]: ListAmScraper:getCarsByModel:FAILED {"ERROR":"carsList.map is not a function"}
18-11-2021 15:33:50 [error]: ListAmScraper:getScrapedVehicles:FAILED 
18-11-2021 15:33:50 [error]: ScraperService:scrapVehiclesJob:FAILED {"ERROR":"ListAm scraping failed"}
18-11-2021 15:33:50 [info]: DBService:setScrappingFailed:START {"scrapping_history_id":327}
18-11-2021 15:33:50 [info]: DBService:setScrappingFailed:SUCCESS 
18-11-2021 15:34:30 [info]: ------------ScraperService:start:START--------------- {"uuid":"bb59b881-4c0f-4bb7-ad8d-d12583131102","source":"list.am","usdRate":490}
18-11-2021 15:34:30 [info]: DBServiceVehicleSettings:getVehicleLatestSettings:START 
18-11-2021 15:34:30 [info]: DBServiceVehicleSettings:getVehicleSettingsLatestVersionNumber:START 
18-11-2021 15:34:30 [info]: DBServiceVehicleSettings:getVehicleSettingsLatestVersionNumber:SUCCESS {"current_version_number":1}
18-11-2021 15:34:30 [info]: DBServiceVehicleSettings:getVehicleLatestSettings:SUCCESS 
18-11-2021 15:34:30 [info]: ScraperService:createVehicleSettings:SKIPPED 
18-11-2021 15:34:30 [info]: DBService:createScrappingHistory:START 
18-11-2021 15:34:30 [info]: DBServiceVehicleSettings:getVehicleSettingsLatestVersionNumber:START 
18-11-2021 15:34:30 [info]: DBServiceVehicleSettings:getVehicleSettingsLatestVersionNumber:SUCCESS {"current_version_number":1}
18-11-2021 15:34:30 [info]: DBService:getVehicleCategories:START 
18-11-2021 15:34:30 [info]: DBService:createScrappingHistory:SUCCESS {"scrapping_history_id":328}
18-11-2021 15:34:30 [info]: DBService:getVehicleCategories:SUCCESS {"categories":["5"]}
18-11-2021 15:34:30 [info]: DBServiceVehicleSettings:getVehicleSettingsCategories:START 
18-11-2021 15:34:30 [info]: DBServiceVehicleSettings:getVehicleLatestSettings:START 
18-11-2021 15:34:30 [info]: DBServiceVehicleSettings:getVehicleSettingsLatestVersionNumber:START 
18-11-2021 15:34:30 [info]: DBServiceVehicleSettings:getVehicleSettingsLatestVersionNumber:SUCCESS {"current_version_number":1}
18-11-2021 15:34:30 [info]: DBServiceVehicleSettings:getVehicleLatestSettings:SUCCESS 
18-11-2021 15:34:30 [info]: DBServiceVehicleSettings:getVehicleSettingsCategories:SUCCESS 
18-11-2021 15:34:30 [info]: ScrapVehiclesJob:dispatch:START 
18-11-2021 15:34:30 [info]: ListAmScraper:getScrapedRealEstate:START 
18-11-2021 15:34:30 [error]: ListAmScraper:getCarsByModel:FAILED {"ERROR":"carsList.map is not a function"}
18-11-2021 15:34:30 [error]: ListAmScraper:getScrapedVehicles:FAILED 
18-11-2021 15:34:30 [error]: ScraperService:scrapVehiclesJob:FAILED {"ERROR":"ListAm scraping failed"}
18-11-2021 15:34:30 [info]: DBService:setScrappingFailed:START {"scrapping_history_id":328}
18-11-2021 15:34:30 [info]: DBService:setScrappingFailed:SUCCESS 
18-11-2021 16:18:27 [info]: ------------ScraperService:start:START--------------- {"uuid":"c1edda4d-8341-4404-9056-908e8994cd8d","source":"list.am","usdRate":490}
18-11-2021 16:18:27 [info]: DBServiceVehicleSettings:getVehicleLatestSettings:START 
18-11-2021 16:18:27 [info]: DBServiceVehicleSettings:getVehicleSettingsLatestVersionNumber:START 
18-11-2021 16:18:27 [info]: DBServiceVehicleSettings:getVehicleSettingsLatestVersionNumber:SUCCESS {"current_version_number":1}
18-11-2021 16:18:27 [info]: DBServiceVehicleSettings:getVehicleLatestSettings:SUCCESS 
18-11-2021 16:18:27 [info]: ScraperService:createVehicleSettings:SKIPPED 
18-11-2021 16:18:27 [info]: DBService:createScrappingHistory:START 
18-11-2021 16:18:27 [info]: DBServiceVehicleSettings:getVehicleSettingsLatestVersionNumber:START 
18-11-2021 16:18:27 [info]: DBServiceVehicleSettings:getVehicleSettingsLatestVersionNumber:SUCCESS {"current_version_number":1}
18-11-2021 16:18:28 [info]: DBService:createScrappingHistory:SUCCESS {"scrapping_history_id":329}
18-11-2021 16:18:28 [info]: DBService:getVehicleCategories:START 
18-11-2021 16:18:28 [info]: DBService:getVehicleCategories:SUCCESS {"categories":["5"]}
18-11-2021 16:18:28 [info]: DBServiceVehicleSettings:getVehicleSettingsCategories:START 
18-11-2021 16:18:28 [info]: DBServiceVehicleSettings:getVehicleLatestSettings:START 
18-11-2021 16:18:28 [info]: DBServiceVehicleSettings:getVehicleSettingsLatestVersionNumber:START 
18-11-2021 16:18:28 [info]: DBServiceVehicleSettings:getVehicleSettingsLatestVersionNumber:SUCCESS {"current_version_number":1}
18-11-2021 16:18:28 [info]: DBServiceVehicleSettings:getVehicleLatestSettings:SUCCESS 
18-11-2021 16:18:28 [info]: DBServiceVehicleSettings:getVehicleSettingsCategories:SUCCESS 
18-11-2021 16:18:28 [info]: ScrapVehiclesJob:dispatch:START 
18-11-2021 16:18:28 [info]: ListAmScraper:getScrapedRealEstate:START 
18-11-2021 16:18:28 [error]: ListAmScraper:getCarsByModel:FAILED {"ERROR":"carsList.map is not a function"}
18-11-2021 16:18:28 [error]: ListAmScraper:getScrapedVehicles:FAILED 
18-11-2021 16:18:28 [error]: ScraperService:scrapVehiclesJob:FAILED {"ERROR":"ListAm scraping failed"}
18-11-2021 16:18:28 [info]: DBService:setScrappingFailed:START {"scrapping_history_id":329}
18-11-2021 16:18:28 [info]: DBService:setScrappingFailed:SUCCESS 
18-11-2021 16:19:06 [info]: ------------ScraperService:start:START--------------- {"uuid":"d926bc95-6bc9-4647-82c3-cf3f08bebac0","source":"list.am","usdRate":490}
18-11-2021 16:19:06 [info]: DBServiceVehicleSettings:getVehicleLatestSettings:START 
18-11-2021 16:19:06 [info]: DBServiceVehicleSettings:getVehicleSettingsLatestVersionNumber:START 
18-11-2021 16:19:06 [info]: DBServiceVehicleSettings:getVehicleSettingsLatestVersionNumber:SUCCESS {"current_version_number":1}
18-11-2021 16:19:06 [info]: DBServiceVehicleSettings:getVehicleLatestSettings:SUCCESS 
18-11-2021 16:19:06 [info]: ScraperService:createVehicleSettings:SKIPPED 
18-11-2021 16:19:06 [info]: DBService:createScrappingHistory:START 
18-11-2021 16:19:06 [info]: DBServiceVehicleSettings:getVehicleSettingsLatestVersionNumber:START 
18-11-2021 16:19:06 [info]: DBServiceVehicleSettings:getVehicleSettingsLatestVersionNumber:SUCCESS {"current_version_number":1}
18-11-2021 16:19:07 [info]: DBService:createScrappingHistory:SUCCESS {"scrapping_history_id":330}
18-11-2021 16:19:07 [info]: DBService:getVehicleCategories:START 
18-11-2021 16:19:07 [info]: DBService:getVehicleCategories:SUCCESS {"categories":["5"]}
18-11-2021 16:19:07 [info]: DBServiceVehicleSettings:getVehicleSettingsCategories:START 
18-11-2021 16:19:07 [info]: DBServiceVehicleSettings:getVehicleLatestSettings:START 
18-11-2021 16:19:07 [info]: DBServiceVehicleSettings:getVehicleSettingsLatestVersionNumber:START 
18-11-2021 16:19:07 [info]: DBServiceVehicleSettings:getVehicleSettingsLatestVersionNumber:SUCCESS {"current_version_number":1}
18-11-2021 16:19:07 [info]: DBServiceVehicleSettings:getVehicleLatestSettings:SUCCESS 
18-11-2021 16:19:07 [info]: DBServiceVehicleSettings:getVehicleSettingsCategories:SUCCESS 
18-11-2021 16:19:07 [info]: ScrapVehiclesJob:dispatch:START 
18-11-2021 16:19:07 [info]: ListAmScraper:getScrapedRealEstate:START 
18-11-2021 16:19:08 [error]: ListAmScraper:getCarsByModel:FAILED {"ERROR":"carsList.map is not a function"}
18-11-2021 16:19:08 [error]: ListAmScraper:getScrapedVehicles:FAILED 
18-11-2021 16:19:08 [error]: ScraperService:scrapVehiclesJob:FAILED {"ERROR":"ListAm scraping failed"}
18-11-2021 16:19:08 [info]: DBService:setScrappingFailed:START {"scrapping_history_id":330}
18-11-2021 16:19:08 [info]: DBService:setScrappingFailed:SUCCESS 
18-11-2021 16:19:27 [info]: ------------ScraperService:start:START--------------- {"uuid":"2b952256-01ad-44d9-8dee-02baeb9db75c","source":"list.am","usdRate":490}
18-11-2021 16:19:27 [info]: DBServiceVehicleSettings:getVehicleLatestSettings:START 
18-11-2021 16:19:27 [info]: DBServiceVehicleSettings:getVehicleSettingsLatestVersionNumber:START 
18-11-2021 16:19:27 [info]: DBServiceVehicleSettings:getVehicleSettingsLatestVersionNumber:SUCCESS {"current_version_number":1}
18-11-2021 16:19:27 [info]: DBServiceVehicleSettings:getVehicleLatestSettings:SUCCESS 
18-11-2021 16:19:27 [info]: ScraperService:createVehicleSettings:SKIPPED 
18-11-2021 16:19:27 [info]: DBService:createScrappingHistory:START 
18-11-2021 16:19:27 [info]: DBServiceVehicleSettings:getVehicleSettingsLatestVersionNumber:START 
18-11-2021 16:19:27 [info]: DBServiceVehicleSettings:getVehicleSettingsLatestVersionNumber:SUCCESS {"current_version_number":1}
18-11-2021 16:19:27 [info]: DBService:createScrappingHistory:SUCCESS {"scrapping_history_id":331}
18-11-2021 16:19:27 [info]: DBService:getVehicleCategories:START 
18-11-2021 16:19:27 [info]: DBService:getVehicleCategories:SUCCESS {"categories":["5"]}
18-11-2021 16:19:27 [info]: DBServiceVehicleSettings:getVehicleSettingsCategories:START 
18-11-2021 16:19:27 [info]: DBServiceVehicleSettings:getVehicleLatestSettings:START 
18-11-2021 16:19:27 [info]: DBServiceVehicleSettings:getVehicleSettingsLatestVersionNumber:START 
18-11-2021 16:19:27 [info]: DBServiceVehicleSettings:getVehicleSettingsLatestVersionNumber:SUCCESS {"current_version_number":1}
18-11-2021 16:19:27 [info]: DBServiceVehicleSettings:getVehicleLatestSettings:SUCCESS 
18-11-2021 16:19:27 [info]: DBServiceVehicleSettings:getVehicleSettingsCategories:SUCCESS 
18-11-2021 16:19:27 [info]: ScrapVehiclesJob:dispatch:START 
18-11-2021 16:19:27 [info]: ListAmScraper:getScrapedRealEstate:START 
18-11-2021 16:19:27 [error]: ListAmScraper:getCarsByModel:FAILED {"ERROR":"carsList.map is not a function"}
18-11-2021 16:19:27 [error]: ListAmScraper:getScrapedVehicles:FAILED 
18-11-2021 16:19:27 [error]: ScraperService:scrapVehiclesJob:FAILED {"ERROR":"ListAm scraping failed"}
18-11-2021 16:19:27 [info]: DBService:setScrappingFailed:START {"scrapping_history_id":331}
18-11-2021 16:19:27 [info]: DBService:setScrappingFailed:SUCCESS 
18-11-2021 16:29:27 [info]: ------------ScraperService:start:START--------------- {"uuid":"33804f4a-ffe0-445f-95ff-a3d9c2ffa7b7","source":"list.am","usdRate":490}
18-11-2021 16:29:27 [info]: DBServiceVehicleSettings:getVehicleLatestSettings:START 
18-11-2021 16:29:27 [info]: DBServiceVehicleSettings:getVehicleSettingsLatestVersionNumber:START 
18-11-2021 16:29:27 [info]: DBServiceVehicleSettings:getVehicleSettingsLatestVersionNumber:SUCCESS {"current_version_number":1}
18-11-2021 16:29:27 [info]: DBServiceVehicleSettings:getVehicleLatestSettings:SUCCESS 
18-11-2021 16:29:27 [info]: ScraperService:createVehicleSettings:SKIPPED 
18-11-2021 16:29:27 [info]: DBService:createScrappingHistory:START 
18-11-2021 16:29:27 [info]: DBServiceVehicleSettings:getVehicleSettingsLatestVersionNumber:START 
18-11-2021 16:29:27 [info]: DBServiceVehicleSettings:getVehicleSettingsLatestVersionNumber:SUCCESS {"current_version_number":1}
18-11-2021 16:29:28 [info]: DBService:createScrappingHistory:SUCCESS {"scrapping_history_id":332}
18-11-2021 16:29:28 [info]: DBService:getVehicleCategories:START 
18-11-2021 16:29:28 [info]: DBService:getVehicleCategories:SUCCESS {"categories":["5"]}
18-11-2021 16:29:28 [info]: DBServiceVehicleSettings:getVehicleSettingsCategories:START 
18-11-2021 16:29:28 [info]: DBServiceVehicleSettings:getVehicleLatestSettings:START 
18-11-2021 16:29:28 [info]: DBServiceVehicleSettings:getVehicleSettingsLatestVersionNumber:START 
18-11-2021 16:29:28 [info]: DBServiceVehicleSettings:getVehicleSettingsLatestVersionNumber:SUCCESS {"current_version_number":1}
18-11-2021 16:29:28 [info]: DBServiceVehicleSettings:getVehicleLatestSettings:SUCCESS 
18-11-2021 16:29:28 [info]: DBServiceVehicleSettings:getVehicleSettingsCategories:SUCCESS 
18-11-2021 16:29:28 [info]: ScrapVehiclesJob:dispatch:START 
18-11-2021 16:29:28 [info]: ListAmScraper:getScrapedRealEstate:START 
18-11-2021 16:29:28 [error]: ListAmScraper:getCarsByModel:FAILED {"ERROR":"carsList.map is not a function"}
18-11-2021 16:29:28 [error]: ListAmScraper:getScrapedVehicles:FAILED 
18-11-2021 16:29:28 [error]: ScraperService:scrapVehiclesJob:FAILED {"ERROR":"ListAm scraping failed"}
18-11-2021 16:29:28 [info]: DBService:setScrappingFailed:START {"scrapping_history_id":332}
18-11-2021 16:29:29 [info]: DBService:setScrappingFailed:SUCCESS 
18-11-2021 16:36:06 [info]: ------------ScraperService:start:START--------------- {"uuid":"9ea9b468-4558-4b54-8eb4-a880f1b98497","source":"list.am","usdRate":490}
18-11-2021 16:36:06 [info]: DBServiceVehicleSettings:getVehicleLatestSettings:START 
18-11-2021 16:36:06 [info]: DBServiceVehicleSettings:getVehicleSettingsLatestVersionNumber:START 
18-11-2021 16:36:06 [info]: DBServiceVehicleSettings:getVehicleSettingsLatestVersionNumber:SUCCESS {"current_version_number":1}
18-11-2021 16:36:06 [info]: DBServiceVehicleSettings:getVehicleLatestSettings:SUCCESS 
18-11-2021 16:36:06 [info]: DBService:createScrappingHistory:START 
18-11-2021 16:36:06 [info]: ScraperService:createVehicleSettings:SKIPPED 
18-11-2021 16:36:06 [info]: DBServiceVehicleSettings:getVehicleSettingsLatestVersionNumber:START 
18-11-2021 16:36:06 [info]: DBServiceVehicleSettings:getVehicleSettingsLatestVersionNumber:SUCCESS {"current_version_number":1}
18-11-2021 16:36:06 [info]: DBService:createScrappingHistory:SUCCESS {"scrapping_history_id":333}
18-11-2021 16:36:06 [info]: DBService:getVehicleCategories:START 
18-11-2021 16:36:06 [info]: DBService:getVehicleCategories:SUCCESS {"categories":["5"]}
18-11-2021 16:36:06 [info]: DBServiceVehicleSettings:getVehicleSettingsCategories:START 
18-11-2021 16:36:06 [info]: DBServiceVehicleSettings:getVehicleLatestSettings:START 
18-11-2021 16:36:06 [info]: DBServiceVehicleSettings:getVehicleSettingsLatestVersionNumber:START 
18-11-2021 16:36:06 [info]: DBServiceVehicleSettings:getVehicleSettingsLatestVersionNumber:SUCCESS {"current_version_number":1}
18-11-2021 16:36:06 [info]: DBServiceVehicleSettings:getVehicleLatestSettings:SUCCESS 
18-11-2021 16:36:06 [info]: DBServiceVehicleSettings:getVehicleSettingsCategories:SUCCESS 
18-11-2021 16:36:06 [info]: ScrapVehiclesJob:dispatch:START 
18-11-2021 16:36:06 [info]: ListAmScraper:getScrapedRealEstate:START 
18-11-2021 16:36:06 [error]: ListAmScraper:getCarsByModel:FAILED {"ERROR":"carsList.map is not a function"}
18-11-2021 16:36:06 [error]: ListAmScraper:getScrapedVehicles:FAILED 
18-11-2021 16:36:06 [error]: ScraperService:scrapVehiclesJob:FAILED {"ERROR":"ListAm scraping failed"}
18-11-2021 16:36:06 [info]: DBService:setScrappingFailed:START {"scrapping_history_id":333}
18-11-2021 16:36:07 [info]: DBService:setScrappingFailed:SUCCESS 
18-11-2021 16:36:35 [info]: ------------ScraperService:start:START--------------- {"uuid":"acc20627-ffb0-4477-9284-e970fe747f9a","source":"list.am","usdRate":490}
18-11-2021 16:36:35 [info]: DBServiceVehicleSettings:getVehicleLatestSettings:START 
18-11-2021 16:36:35 [info]: DBServiceVehicleSettings:getVehicleSettingsLatestVersionNumber:START 
18-11-2021 16:36:35 [info]: DBServiceVehicleSettings:getVehicleSettingsLatestVersionNumber:SUCCESS {"current_version_number":1}
18-11-2021 16:36:35 [info]: DBServiceVehicleSettings:getVehicleLatestSettings:SUCCESS 
18-11-2021 16:36:35 [info]: ScraperService:createVehicleSettings:SKIPPED 
18-11-2021 16:36:35 [info]: DBService:createScrappingHistory:START 
18-11-2021 16:36:35 [info]: DBServiceVehicleSettings:getVehicleSettingsLatestVersionNumber:START 
18-11-2021 16:36:35 [info]: DBServiceVehicleSettings:getVehicleSettingsLatestVersionNumber:SUCCESS {"current_version_number":1}
18-11-2021 16:36:35 [info]: DBService:createScrappingHistory:SUCCESS {"scrapping_history_id":334}
18-11-2021 16:36:35 [info]: DBService:getVehicleCategories:START 
18-11-2021 16:36:35 [info]: DBService:getVehicleCategories:SUCCESS {"categories":["5"]}
18-11-2021 16:36:35 [info]: DBServiceVehicleSettings:getVehicleSettingsCategories:START 
18-11-2021 16:36:35 [info]: DBServiceVehicleSettings:getVehicleLatestSettings:START 
18-11-2021 16:36:35 [info]: DBServiceVehicleSettings:getVehicleSettingsLatestVersionNumber:START 
18-11-2021 16:36:35 [info]: DBServiceVehicleSettings:getVehicleSettingsLatestVersionNumber:SUCCESS {"current_version_number":1}
18-11-2021 16:36:35 [info]: DBServiceVehicleSettings:getVehicleLatestSettings:SUCCESS 
18-11-2021 16:36:35 [info]: DBServiceVehicleSettings:getVehicleSettingsCategories:SUCCESS 
18-11-2021 16:36:35 [info]: ScrapVehiclesJob:dispatch:START 
18-11-2021 16:36:35 [info]: ListAmScraper:getScrapedRealEstate:START 
18-11-2021 16:36:36 [error]: ListAmScraper:getCarsByModel:FAILED {"ERROR":"carsList.map is not a function"}
18-11-2021 16:36:36 [error]: ListAmScraper:getScrapedVehicles:FAILED 
18-11-2021 16:36:36 [error]: ScraperService:scrapVehiclesJob:FAILED {"ERROR":"ListAm scraping failed"}
18-11-2021 16:36:36 [info]: DBService:setScrappingFailed:START {"scrapping_history_id":334}
18-11-2021 16:36:36 [info]: DBService:setScrappingFailed:SUCCESS 
18-11-2021 16:38:55 [info]: ------------ScraperService:start:START--------------- {"uuid":"c722bf91-3de2-4172-9602-eaa52dc46bc2","source":"list.am","usdRate":490}
18-11-2021 16:38:55 [info]: DBServiceVehicleSettings:getVehicleLatestSettings:START 
18-11-2021 16:38:55 [info]: DBServiceVehicleSettings:getVehicleSettingsLatestVersionNumber:START 
18-11-2021 16:38:55 [info]: DBServiceVehicleSettings:getVehicleSettingsLatestVersionNumber:SUCCESS {"current_version_number":1}
18-11-2021 16:38:55 [info]: DBServiceVehicleSettings:getVehicleLatestSettings:SUCCESS 
18-11-2021 16:38:55 [info]: ScraperService:createVehicleSettings:SKIPPED 
18-11-2021 16:38:55 [info]: DBService:createScrappingHistory:START 
18-11-2021 16:38:55 [info]: DBServiceVehicleSettings:getVehicleSettingsLatestVersionNumber:START 
18-11-2021 16:38:55 [info]: DBServiceVehicleSettings:getVehicleSettingsLatestVersionNumber:SUCCESS {"current_version_number":1}
18-11-2021 16:38:55 [info]: DBService:createScrappingHistory:SUCCESS {"scrapping_history_id":335}
18-11-2021 16:38:55 [info]: DBService:getVehicleCategories:START 
18-11-2021 16:38:55 [info]: DBService:getVehicleCategories:SUCCESS {"categories":["5"]}
18-11-2021 16:38:55 [info]: DBServiceVehicleSettings:getVehicleSettingsCategories:START 
18-11-2021 16:38:55 [info]: DBServiceVehicleSettings:getVehicleLatestSettings:START 
18-11-2021 16:38:55 [info]: DBServiceVehicleSettings:getVehicleSettingsLatestVersionNumber:START 
18-11-2021 16:38:55 [info]: DBServiceVehicleSettings:getVehicleSettingsLatestVersionNumber:SUCCESS {"current_version_number":1}
18-11-2021 16:38:55 [info]: DBServiceVehicleSettings:getVehicleLatestSettings:SUCCESS 
18-11-2021 16:38:55 [info]: DBServiceVehicleSettings:getVehicleSettingsCategories:SUCCESS 
18-11-2021 16:38:55 [info]: ScrapVehiclesJob:dispatch:START 
18-11-2021 16:38:55 [info]: ListAmScraper:getScrapedRealEstate:START 
18-11-2021 16:38:55 [error]: ListAmScraper:getCarsByModel:FAILED {"ERROR":"carsList.map is not a function"}
18-11-2021 16:38:55 [error]: ListAmScraper:getScrapedVehicles:FAILED 
18-11-2021 16:38:55 [error]: ScraperService:scrapVehiclesJob:FAILED {"ERROR":"ListAm scraping failed"}
18-11-2021 16:38:55 [info]: DBService:setScrappingFailed:START {"scrapping_history_id":335}
18-11-2021 16:38:56 [info]: DBService:setScrappingFailed:SUCCESS 
18-11-2021 18:16:12 [info]: ------------ScraperService:start:START--------------- {"uuid":"c42c35c8-76c2-4486-87ce-55713e0d9dcb","source":"list.am","usdRate":490}
18-11-2021 18:16:12 [info]: DBServiceVehicleSettings:getVehicleLatestSettings:START 
18-11-2021 18:16:12 [info]: DBServiceVehicleSettings:getVehicleSettingsLatestVersionNumber:START 
18-11-2021 18:16:12 [info]: DBServiceVehicleSettings:getVehicleSettingsLatestVersionNumber:SUCCESS {"current_version_number":1}
18-11-2021 18:16:12 [info]: DBServiceVehicleSettings:getVehicleLatestSettings:SUCCESS 
18-11-2021 18:16:12 [info]: ScraperService:createVehicleSettings:SKIPPED 
18-11-2021 18:16:12 [info]: DBService:createScrappingHistory:START 
18-11-2021 18:16:12 [info]: DBServiceVehicleSettings:getVehicleSettingsLatestVersionNumber:START 
18-11-2021 18:16:12 [info]: DBServiceVehicleSettings:getVehicleSettingsLatestVersionNumber:SUCCESS {"current_version_number":1}
18-11-2021 18:16:13 [info]: DBService:createScrappingHistory:SUCCESS {"scrapping_history_id":336}
18-11-2021 18:16:13 [info]: DBService:getVehicleCategories:START 
18-11-2021 18:16:13 [info]: DBServiceVehicleSettings:getVehicleSettingsCategories:START 
18-11-2021 18:16:13 [info]: DBService:getVehicleCategories:SUCCESS {"categories":["5"]}
18-11-2021 18:16:13 [info]: DBServiceVehicleSettings:getVehicleLatestSettings:START 
18-11-2021 18:16:13 [info]: DBServiceVehicleSettings:getVehicleSettingsLatestVersionNumber:START 
18-11-2021 18:16:13 [info]: DBServiceVehicleSettings:getVehicleSettingsLatestVersionNumber:SUCCESS {"current_version_number":1}
18-11-2021 18:16:13 [info]: DBServiceVehicleSettings:getVehicleLatestSettings:SUCCESS 
18-11-2021 18:16:13 [info]: DBServiceVehicleSettings:getVehicleSettingsCategories:SUCCESS 
18-11-2021 18:16:13 [info]: ScrapVehiclesJob:dispatch:START 
18-11-2021 18:16:13 [info]: ListAmScraper:getScrapedRealEstate:START 
18-11-2021 18:16:13 [error]: ListAmScraper:getCarProperties:FAILED {"ERROR":"$el(...).click is not a function"}
18-11-2021 18:16:13 [error]: ListAmScraper:getCarsByModel:FAILED {"ERROR":"Cannot read property 'map' of undefined"}
18-11-2021 18:16:13 [error]: ListAmScraper:getScrapedVehicles:FAILED 
18-11-2021 18:16:13 [error]: ScraperService:scrapVehiclesJob:FAILED {"ERROR":"ListAm scraping failed"}
18-11-2021 18:16:13 [info]: DBService:setScrappingFailed:START {"scrapping_history_id":336}
18-11-2021 18:16:13 [info]: DBService:setScrappingFailed:SUCCESS 
18-11-2021 18:18:28 [info]: ------------ScraperService:start:START--------------- {"uuid":"a3953d89-2e7a-4582-ad32-d35a5ec9b7e4","source":"list.am","usdRate":490}
18-11-2021 18:18:28 [info]: DBServiceVehicleSettings:getVehicleLatestSettings:START 
18-11-2021 18:18:28 [info]: DBServiceVehicleSettings:getVehicleSettingsLatestVersionNumber:START 
18-11-2021 18:18:28 [info]: DBServiceVehicleSettings:getVehicleSettingsLatestVersionNumber:SUCCESS {"current_version_number":1}
18-11-2021 18:18:28 [info]: DBServiceVehicleSettings:getVehicleLatestSettings:SUCCESS 
18-11-2021 18:18:28 [info]: ScraperService:createVehicleSettings:SKIPPED 
18-11-2021 18:18:28 [info]: DBService:createScrappingHistory:START 
18-11-2021 18:18:28 [info]: DBServiceVehicleSettings:getVehicleSettingsLatestVersionNumber:START 
18-11-2021 18:18:28 [info]: DBServiceVehicleSettings:getVehicleSettingsLatestVersionNumber:SUCCESS {"current_version_number":1}
18-11-2021 18:18:28 [info]: DBService:createScrappingHistory:SUCCESS {"scrapping_history_id":337}
18-11-2021 18:18:28 [info]: DBService:getVehicleCategories:START 
18-11-2021 18:18:28 [info]: DBService:getVehicleCategories:SUCCESS {"categories":["5"]}
18-11-2021 18:18:28 [info]: DBServiceVehicleSettings:getVehicleSettingsCategories:START 
18-11-2021 18:18:28 [info]: DBServiceVehicleSettings:getVehicleLatestSettings:START 
18-11-2021 18:18:28 [info]: DBServiceVehicleSettings:getVehicleSettingsLatestVersionNumber:START 
18-11-2021 18:18:28 [info]: DBServiceVehicleSettings:getVehicleSettingsLatestVersionNumber:SUCCESS {"current_version_number":1}
18-11-2021 18:18:28 [info]: DBServiceVehicleSettings:getVehicleLatestSettings:SUCCESS 
18-11-2021 18:18:28 [info]: DBServiceVehicleSettings:getVehicleSettingsCategories:SUCCESS 
18-11-2021 18:18:28 [info]: ScrapVehiclesJob:dispatch:START 
18-11-2021 18:18:28 [info]: ListAmScraper:getScrapedRealEstate:START 
18-11-2021 18:18:29 [error]: ListAmScraper:getCarProperties:FAILED {"ERROR":"$el(...).click is not a function"}
18-11-2021 18:18:29 [error]: ListAmScraper:getCarsByModel:FAILED {"ERROR":"Cannot read property 'map' of undefined"}
18-11-2021 18:18:29 [error]: ListAmScraper:getScrapedVehicles:FAILED 
18-11-2021 18:18:29 [error]: ScraperService:scrapVehiclesJob:FAILED {"ERROR":"ListAm scraping failed"}
18-11-2021 18:18:29 [info]: DBService:setScrappingFailed:START {"scrapping_history_id":337}
18-11-2021 18:18:29 [info]: DBService:setScrappingFailed:SUCCESS 
