20-11-2021 21:05:50 [info]: ------------ScraperService:start:START--------------- {"uuid":"1f443b24-7d29-41a8-a829-c8ae560f4d54","source":"list.am","usdRate":490}
20-11-2021 21:05:50 [info]: DBServiceVehicleSettings:getVehicleLatestSettings:START 
20-11-2021 21:05:50 [info]: DBServiceVehicleSettings:getVehicleSettingsLatestVersionNumber:START 
20-11-2021 21:05:50 [info]: DBServiceVehicleSettings:getVehicleSettingsLatestVersionNumber:SUCCESS {"current_version_number":1}
20-11-2021 21:05:50 [info]: DBServiceVehicleSettings:getVehicleLatestSettings:SUCCESS 
20-11-2021 21:05:50 [info]: ScraperService:createVehicleSettings:SKIPPED 
20-11-2021 21:05:50 [info]: DBService:createScrappingHistory:START 
20-11-2021 21:05:50 [info]: DBServiceVehicleSettings:getVehicleSettingsLatestVersionNumber:START 
20-11-2021 21:05:50 [info]: DBServiceVehicleSettings:getVehicleSettingsLatestVersionNumber:SUCCESS {"current_version_number":1}
20-11-2021 21:05:50 [info]: DBService:createScrappingHistory:SUCCESS {"scrapping_history_id":459}
20-11-2021 21:05:51 [info]: DBService:getVehicleCategories:START 
20-11-2021 21:05:51 [info]: DBService:getVehicleCategories:SUCCESS {"categories":["5"]}
20-11-2021 21:05:51 [info]: DBServiceVehicleSettings:getVehicleSettingsCategories:START 
20-11-2021 21:05:51 [info]: DBServiceVehicleSettings:getVehicleLatestSettings:START 
20-11-2021 21:05:51 [info]: DBServiceVehicleSettings:getVehicleSettingsLatestVersionNumber:START 
20-11-2021 21:05:51 [info]: DBServiceVehicleSettings:getVehicleSettingsLatestVersionNumber:SUCCESS {"current_version_number":1}
20-11-2021 21:05:51 [info]: DBServiceVehicleSettings:getVehicleLatestSettings:SUCCESS 
20-11-2021 21:05:51 [info]: DBServiceVehicleSettings:getVehicleSettingsCategories:SUCCESS 
20-11-2021 21:05:51 [info]: ScrapVehiclesJob:dispatch:START 
20-11-2021 21:05:51 [info]: ListAmScraper:scrapRealEstates:START 
20-11-2021 21:05:53 [error]: ListAmScraper:getPerPageRealEstatesList:FAILED {"ERROR":"this._getSingleRSHtmlPage is not a function"}
20-11-2021 21:05:53 [error]: ScraperService:scrapVehiclesJob:FAILED {"ERROR":"Invalid attempt to spread non-iterable instance.\nIn order to be iterable, non-array objects must have a [Symbol.iterator]() method."}
20-11-2021 21:05:53 [info]: DBService:setScrappingFailed:START {"scrapping_history_id":459}
20-11-2021 21:05:53 [info]: DBService:setScrappingFailed:SUCCESS 
20-11-2021 21:08:17 [info]: ------------ScraperService:start:START--------------- {"uuid":"8aefd4ac-7453-45e8-a0e7-b30b57f9cf02","source":"list.am","usdRate":490}
20-11-2021 21:08:17 [info]: DBServiceVehicleSettings:getVehicleLatestSettings:START 
20-11-2021 21:08:17 [info]: DBServiceVehicleSettings:getVehicleSettingsLatestVersionNumber:START 
20-11-2021 21:08:17 [info]: DBServiceVehicleSettings:getVehicleSettingsLatestVersionNumber:SUCCESS {"current_version_number":1}
20-11-2021 21:08:17 [info]: DBServiceVehicleSettings:getVehicleLatestSettings:SUCCESS 
20-11-2021 21:08:17 [info]: ScraperService:createVehicleSettings:SKIPPED 
20-11-2021 21:08:17 [info]: DBService:createScrappingHistory:START 
20-11-2021 21:08:17 [info]: DBServiceVehicleSettings:getVehicleSettingsLatestVersionNumber:START 
20-11-2021 21:08:17 [info]: DBServiceVehicleSettings:getVehicleSettingsLatestVersionNumber:SUCCESS {"current_version_number":1}
20-11-2021 21:08:17 [info]: DBService:createScrappingHistory:SUCCESS {"scrapping_history_id":460}
20-11-2021 21:08:17 [info]: DBService:getVehicleCategories:START 
20-11-2021 21:08:17 [info]: DBService:getVehicleCategories:SUCCESS {"categories":["5"]}
20-11-2021 21:08:17 [info]: DBServiceVehicleSettings:getVehicleSettingsCategories:START 
20-11-2021 21:08:17 [info]: DBServiceVehicleSettings:getVehicleLatestSettings:START 
20-11-2021 21:08:17 [info]: DBServiceVehicleSettings:getVehicleSettingsLatestVersionNumber:START 
20-11-2021 21:08:17 [info]: DBServiceVehicleSettings:getVehicleSettingsLatestVersionNumber:SUCCESS {"current_version_number":1}
20-11-2021 21:08:17 [info]: DBServiceVehicleSettings:getVehicleLatestSettings:SUCCESS 
20-11-2021 21:08:17 [info]: DBServiceVehicleSettings:getVehicleSettingsCategories:SUCCESS 
20-11-2021 21:08:17 [info]: ScrapVehiclesJob:dispatch:START 
20-11-2021 21:08:17 [info]: ListAmScraper:scrapRealEstates:START 
20-11-2021 21:08:23 [error]: ListAmScraper:getPerPageRealEstatesList:FAILED {"ERROR":"this._getSingleRSHtmlPage is not a function"}
20-11-2021 21:08:23 [error]: ScraperService:scrapVehiclesJob:FAILED {"ERROR":"Invalid attempt to spread non-iterable instance.\nIn order to be iterable, non-array objects must have a [Symbol.iterator]() method."}
20-11-2021 21:08:23 [info]: DBService:setScrappingFailed:START {"scrapping_history_id":460}
20-11-2021 21:08:23 [info]: DBService:setScrappingFailed:SUCCESS 
20-11-2021 21:09:58 [info]: ------------ScraperService:start:START--------------- {"uuid":"48b179b5-dedc-40b7-957d-10e0c6359bce","source":"list.am","usdRate":490}
20-11-2021 21:09:58 [info]: DBServiceVehicleSettings:getVehicleLatestSettings:START 
20-11-2021 21:09:58 [info]: DBServiceVehicleSettings:getVehicleSettingsLatestVersionNumber:START 
20-11-2021 21:09:58 [info]: DBServiceVehicleSettings:getVehicleSettingsLatestVersionNumber:SUCCESS {"current_version_number":1}
20-11-2021 21:09:58 [info]: DBServiceVehicleSettings:getVehicleLatestSettings:SUCCESS 
20-11-2021 21:09:58 [info]: ScraperService:createVehicleSettings:SKIPPED 
20-11-2021 21:09:58 [info]: DBService:createScrappingHistory:START 
20-11-2021 21:09:58 [info]: DBServiceVehicleSettings:getVehicleSettingsLatestVersionNumber:START 
20-11-2021 21:09:58 [info]: DBServiceVehicleSettings:getVehicleSettingsLatestVersionNumber:SUCCESS {"current_version_number":1}
20-11-2021 21:09:59 [info]: DBService:createScrappingHistory:SUCCESS {"scrapping_history_id":461}
20-11-2021 21:09:59 [info]: DBService:getVehicleCategories:START 
20-11-2021 21:09:59 [info]: DBService:getVehicleCategories:SUCCESS {"categories":["5"]}
20-11-2021 21:09:59 [info]: DBServiceVehicleSettings:getVehicleSettingsCategories:START 
20-11-2021 21:09:59 [info]: DBServiceVehicleSettings:getVehicleLatestSettings:START 
20-11-2021 21:09:59 [info]: DBServiceVehicleSettings:getVehicleSettingsLatestVersionNumber:START 
20-11-2021 21:09:59 [info]: DBServiceVehicleSettings:getVehicleSettingsLatestVersionNumber:SUCCESS {"current_version_number":1}
20-11-2021 21:09:59 [info]: DBServiceVehicleSettings:getVehicleLatestSettings:SUCCESS 
20-11-2021 21:09:59 [info]: DBServiceVehicleSettings:getVehicleSettingsCategories:SUCCESS 
20-11-2021 21:09:59 [info]: ScrapVehiclesJob:dispatch:START 
20-11-2021 21:09:59 [info]: ListAmScraper:scrapRealEstates:START 
20-11-2021 21:10:00 [error]: ListAmScraper:getPerPageRealEstatesList:FAILED {"ERROR":"this._getSingleRSHtmlPage is not a function"}
20-11-2021 21:10:00 [error]: ScraperService:scrapVehiclesJob:FAILED {"ERROR":"undefined is not iterable (cannot read property Symbol(Symbol.iterator))"}
20-11-2021 21:10:00 [info]: DBService:setScrappingFailed:START {"scrapping_history_id":461}
20-11-2021 21:10:00 [info]: DBService:setScrappingFailed:SUCCESS 
20-11-2021 21:12:59 [info]: ------------ScraperService:start:START--------------- {"uuid":"ff0749d3-0a97-4e21-8490-2b9e2701638c","source":"list.am","usdRate":490}
20-11-2021 21:12:59 [info]: DBServiceVehicleSettings:getVehicleLatestSettings:START 
20-11-2021 21:12:59 [info]: DBServiceVehicleSettings:getVehicleSettingsLatestVersionNumber:START 
20-11-2021 21:13:00 [info]: DBServiceVehicleSettings:getVehicleSettingsLatestVersionNumber:SUCCESS {"current_version_number":1}
20-11-2021 21:13:00 [info]: DBServiceVehicleSettings:getVehicleLatestSettings:SUCCESS 
20-11-2021 21:13:00 [info]: ScraperService:createVehicleSettings:SKIPPED 
20-11-2021 21:13:00 [info]: DBService:createScrappingHistory:START 
20-11-2021 21:13:00 [info]: DBServiceVehicleSettings:getVehicleSettingsLatestVersionNumber:START 
20-11-2021 21:13:00 [info]: DBServiceVehicleSettings:getVehicleSettingsLatestVersionNumber:SUCCESS {"current_version_number":1}
20-11-2021 21:13:00 [info]: DBService:createScrappingHistory:SUCCESS {"scrapping_history_id":462}
20-11-2021 21:13:00 [info]: DBService:getVehicleCategories:START 
20-11-2021 21:13:00 [info]: DBService:getVehicleCategories:SUCCESS {"categories":["5"]}
20-11-2021 21:13:00 [info]: DBServiceVehicleSettings:getVehicleSettingsCategories:START 
20-11-2021 21:13:00 [info]: DBServiceVehicleSettings:getVehicleLatestSettings:START 
20-11-2021 21:13:00 [info]: DBServiceVehicleSettings:getVehicleSettingsLatestVersionNumber:START 
20-11-2021 21:13:00 [info]: DBServiceVehicleSettings:getVehicleSettingsLatestVersionNumber:SUCCESS {"current_version_number":1}
20-11-2021 21:13:00 [info]: DBServiceVehicleSettings:getVehicleLatestSettings:SUCCESS 
20-11-2021 21:13:00 [info]: DBServiceVehicleSettings:getVehicleSettingsCategories:SUCCESS 
20-11-2021 21:13:00 [info]: ScrapVehiclesJob:dispatch:START 
20-11-2021 21:13:00 [info]: ListAmScraper:scrapRealEstates:START 
20-11-2021 21:13:03 [error]: ListAmScraper:_getPageData:FAILED {"url":{}}
20-11-2021 21:13:03 [error]: ListAmScraper:getRealEstateProperties:FAILED {"ERROR":"cheerio.load() expects a string"}
20-11-2021 21:13:03 [error]: ListAmScraper:getPerPageRealEstatesList:FAILED {"ERROR":"undefined is not iterable (cannot read property Symbol(Symbol.iterator))"}
20-11-2021 21:13:03 [error]: ScraperService:scrapVehiclesJob:FAILED {"ERROR":"undefined is not iterable (cannot read property Symbol(Symbol.iterator))"}
20-11-2021 21:13:03 [info]: DBService:setScrappingFailed:START {"scrapping_history_id":462}
20-11-2021 21:13:03 [info]: DBService:setScrappingFailed:SUCCESS 
20-11-2021 21:14:13 [info]: DBServiceVehicleSettings:getVehicleLatestSettings:START 
20-11-2021 21:14:13 [info]: ------------ScraperService:start:START--------------- {"uuid":"72ad3a46-78ff-4433-86c3-641542dd8ca0","source":"list.am","usdRate":490}
20-11-2021 21:14:13 [info]: DBServiceVehicleSettings:getVehicleSettingsLatestVersionNumber:START 
20-11-2021 21:14:13 [info]: DBServiceVehicleSettings:getVehicleSettingsLatestVersionNumber:SUCCESS {"current_version_number":1}
20-11-2021 21:14:13 [info]: DBServiceVehicleSettings:getVehicleLatestSettings:SUCCESS 
20-11-2021 21:14:13 [info]: ScraperService:createVehicleSettings:SKIPPED 
20-11-2021 21:14:13 [info]: DBService:createScrappingHistory:START 
20-11-2021 21:14:13 [info]: DBServiceVehicleSettings:getVehicleSettingsLatestVersionNumber:START 
20-11-2021 21:14:13 [info]: DBServiceVehicleSettings:getVehicleSettingsLatestVersionNumber:SUCCESS {"current_version_number":1}
20-11-2021 21:14:13 [info]: DBService:createScrappingHistory:SUCCESS {"scrapping_history_id":463}
20-11-2021 21:14:13 [info]: DBService:getVehicleCategories:START 
20-11-2021 21:14:13 [info]: DBService:getVehicleCategories:SUCCESS {"categories":["5"]}
20-11-2021 21:14:13 [info]: DBServiceVehicleSettings:getVehicleSettingsCategories:START 
20-11-2021 21:14:13 [info]: DBServiceVehicleSettings:getVehicleLatestSettings:START 
20-11-2021 21:14:13 [info]: DBServiceVehicleSettings:getVehicleSettingsLatestVersionNumber:START 
20-11-2021 21:14:13 [info]: DBServiceVehicleSettings:getVehicleSettingsLatestVersionNumber:SUCCESS {"current_version_number":1}
20-11-2021 21:14:13 [info]: DBServiceVehicleSettings:getVehicleLatestSettings:SUCCESS 
20-11-2021 21:14:13 [info]: DBServiceVehicleSettings:getVehicleSettingsCategories:SUCCESS 
20-11-2021 21:14:13 [info]: ScrapVehiclesJob:dispatch:START 
20-11-2021 21:14:13 [info]: ListAmScraper:scrapRealEstates:START 
20-11-2021 21:14:14 [error]: ListAmScraper:_getPageData:FAILED {"url":{}}
20-11-2021 21:14:14 [error]: ListAmScraper:getRealEstateProperties:FAILED {"ERROR":"cheerio.load() expects a string"}
20-11-2021 21:14:14 [error]: ListAmScraper:getPerPageRealEstatesList:FAILED {"ERROR":"undefined is not iterable (cannot read property Symbol(Symbol.iterator))"}
20-11-2021 21:14:14 [error]: ScraperService:scrapVehiclesJob:FAILED {"ERROR":"undefined is not iterable (cannot read property Symbol(Symbol.iterator))"}
20-11-2021 21:14:14 [info]: DBService:setScrappingFailed:START {"scrapping_history_id":463}
20-11-2021 21:14:14 [info]: DBService:setScrappingFailed:SUCCESS 
20-11-2021 21:14:44 [info]: ------------ScraperService:start:START--------------- {"uuid":"543bc7bb-90dd-48c9-b3a6-e15253f766ad","source":"list.am","usdRate":490}
20-11-2021 21:14:44 [info]: DBServiceVehicleSettings:getVehicleLatestSettings:START 
20-11-2021 21:14:44 [info]: DBServiceVehicleSettings:getVehicleSettingsLatestVersionNumber:START 
20-11-2021 21:14:44 [info]: DBServiceVehicleSettings:getVehicleSettingsLatestVersionNumber:SUCCESS {"current_version_number":1}
20-11-2021 21:14:44 [info]: DBServiceVehicleSettings:getVehicleLatestSettings:SUCCESS 
20-11-2021 21:14:44 [info]: ScraperService:createVehicleSettings:SKIPPED 
20-11-2021 21:14:44 [info]: DBService:createScrappingHistory:START 
20-11-2021 21:14:44 [info]: DBServiceVehicleSettings:getVehicleSettingsLatestVersionNumber:START 
20-11-2021 21:14:44 [info]: DBServiceVehicleSettings:getVehicleSettingsLatestVersionNumber:SUCCESS {"current_version_number":1}
20-11-2021 21:14:44 [info]: DBService:createScrappingHistory:SUCCESS {"scrapping_history_id":464}
20-11-2021 21:14:44 [info]: DBService:getVehicleCategories:START 
20-11-2021 21:14:44 [info]: DBService:getVehicleCategories:SUCCESS {"categories":["5"]}
20-11-2021 21:14:44 [info]: DBServiceVehicleSettings:getVehicleSettingsCategories:START 
20-11-2021 21:14:44 [info]: DBServiceVehicleSettings:getVehicleLatestSettings:START 
20-11-2021 21:14:44 [info]: DBServiceVehicleSettings:getVehicleSettingsLatestVersionNumber:START 
20-11-2021 21:14:44 [info]: DBServiceVehicleSettings:getVehicleSettingsLatestVersionNumber:SUCCESS {"current_version_number":1}
20-11-2021 21:14:44 [info]: DBServiceVehicleSettings:getVehicleLatestSettings:SUCCESS 
20-11-2021 21:14:44 [info]: DBServiceVehicleSettings:getVehicleSettingsCategories:SUCCESS 
20-11-2021 21:14:44 [info]: ScrapVehiclesJob:dispatch:START 
20-11-2021 21:14:44 [info]: ListAmScraper:scrapRealEstates:START 
20-11-2021 21:14:46 [error]: ListAmScraper:getPerPageRealEstatesList:FAILED {"ERROR":"Invalid attempt to spread non-iterable instance.\nIn order to be iterable, non-array objects must have a [Symbol.iterator]() method."}
20-11-2021 21:14:46 [error]: ScraperService:scrapVehiclesJob:FAILED {"ERROR":"undefined is not iterable (cannot read property Symbol(Symbol.iterator))"}
20-11-2021 21:14:46 [info]: DBService:setScrappingFailed:START {"scrapping_history_id":464}
20-11-2021 21:14:46 [info]: DBService:setScrappingFailed:SUCCESS 
20-11-2021 21:23:48 [info]: ------------ScraperService:start:START--------------- {"uuid":"bc2b58b1-9436-48f5-a04d-b7c7b102b964","source":"list.am","usdRate":490}
20-11-2021 21:23:48 [info]: DBServiceVehicleSettings:getVehicleLatestSettings:START 
20-11-2021 21:23:48 [info]: DBServiceVehicleSettings:getVehicleSettingsLatestVersionNumber:START 
20-11-2021 21:23:48 [info]: DBServiceVehicleSettings:getVehicleSettingsLatestVersionNumber:SUCCESS {"current_version_number":1}
20-11-2021 21:23:48 [info]: DBServiceVehicleSettings:getVehicleLatestSettings:SUCCESS 
20-11-2021 21:23:48 [info]: ScraperService:createVehicleSettings:SKIPPED 
20-11-2021 21:23:48 [info]: DBService:createScrappingHistory:START 
20-11-2021 21:23:48 [info]: DBServiceVehicleSettings:getVehicleSettingsLatestVersionNumber:START 
20-11-2021 21:23:48 [info]: DBServiceVehicleSettings:getVehicleSettingsLatestVersionNumber:SUCCESS {"current_version_number":1}
20-11-2021 21:23:49 [info]: DBService:createScrappingHistory:SUCCESS {"scrapping_history_id":465}
20-11-2021 21:23:49 [info]: DBService:getVehicleCategories:START 
20-11-2021 21:23:49 [info]: DBService:getVehicleCategories:SUCCESS {"categories":["5"]}
20-11-2021 21:23:49 [info]: DBServiceVehicleSettings:getVehicleSettingsCategories:START 
20-11-2021 21:23:49 [info]: DBServiceVehicleSettings:getVehicleLatestSettings:START 
20-11-2021 21:23:49 [info]: DBServiceVehicleSettings:getVehicleSettingsLatestVersionNumber:START 
20-11-2021 21:23:49 [info]: DBServiceVehicleSettings:getVehicleSettingsLatestVersionNumber:SUCCESS {"current_version_number":1}
20-11-2021 21:23:49 [info]: DBServiceVehicleSettings:getVehicleLatestSettings:SUCCESS 
20-11-2021 21:23:49 [info]: DBServiceVehicleSettings:getVehicleSettingsCategories:SUCCESS 
20-11-2021 21:23:49 [info]: ScrapVehiclesJob:dispatch:START 
20-11-2021 21:23:49 [info]: ListAmScraper:scrapRealEstates:START 
20-11-2021 21:29:00 [info]: ------------ScraperService:start:START--------------- {"uuid":"0f01bdcd-4a10-4d9a-bb2b-76a1b674f098","source":"list.am","usdRate":490}
20-11-2021 21:29:00 [info]: DBServiceVehicleSettings:getVehicleLatestSettings:START 
20-11-2021 21:29:00 [info]: DBServiceVehicleSettings:getVehicleSettingsLatestVersionNumber:START 
20-11-2021 21:29:00 [info]: DBServiceVehicleSettings:getVehicleSettingsLatestVersionNumber:SUCCESS {"current_version_number":1}
20-11-2021 21:29:00 [info]: DBServiceVehicleSettings:getVehicleLatestSettings:SUCCESS 
20-11-2021 21:29:00 [info]: ScraperService:createVehicleSettings:SKIPPED 
20-11-2021 21:29:00 [info]: DBService:createScrappingHistory:START 
20-11-2021 21:29:00 [info]: DBServiceVehicleSettings:getVehicleSettingsLatestVersionNumber:START 
20-11-2021 21:29:00 [info]: DBServiceVehicleSettings:getVehicleSettingsLatestVersionNumber:SUCCESS {"current_version_number":1}
20-11-2021 21:29:00 [info]: DBService:createScrappingHistory:SUCCESS {"scrapping_history_id":466}
20-11-2021 21:29:00 [info]: DBService:getVehicleCategories:START 
20-11-2021 21:29:00 [info]: DBService:getVehicleCategories:SUCCESS {"categories":["5"]}
20-11-2021 21:29:00 [info]: DBServiceVehicleSettings:getVehicleSettingsCategories:START 
20-11-2021 21:29:00 [info]: DBServiceVehicleSettings:getVehicleLatestSettings:START 
20-11-2021 21:29:00 [info]: DBServiceVehicleSettings:getVehicleSettingsLatestVersionNumber:START 
20-11-2021 21:29:00 [info]: DBServiceVehicleSettings:getVehicleSettingsLatestVersionNumber:SUCCESS {"current_version_number":1}
20-11-2021 21:29:00 [info]: DBServiceVehicleSettings:getVehicleLatestSettings:SUCCESS 
20-11-2021 21:29:00 [info]: DBServiceVehicleSettings:getVehicleSettingsCategories:SUCCESS 
20-11-2021 21:29:00 [info]: ScrapVehiclesJob:dispatch:START 
20-11-2021 21:29:00 [info]: ListAmScraper:scrapRealEstates:START 
20-11-2021 21:31:48 [error]: ScraperService:scrapVehiclesJob:FAILED {"ERROR":"Invalid attempt to spread non-iterable instance.\nIn order to be iterable, non-array objects must have a [Symbol.iterator]() method."}
20-11-2021 21:31:48 [info]: DBService:setScrappingFailed:START {"scrapping_history_id":466}
20-11-2021 21:31:48 [info]: DBService:setScrappingFailed:SUCCESS 
20-11-2021 21:35:16 [info]: ------------ScraperService:start:START--------------- {"uuid":"efa75e38-2918-4fc2-97b5-4aab239c1553","source":"list.am","usdRate":490}
20-11-2021 21:35:16 [info]: DBServiceVehicleSettings:getVehicleLatestSettings:START 
20-11-2021 21:35:16 [info]: DBServiceVehicleSettings:getVehicleSettingsLatestVersionNumber:START 
20-11-2021 21:35:16 [info]: DBServiceVehicleSettings:getVehicleSettingsLatestVersionNumber:SUCCESS {"current_version_number":1}
20-11-2021 21:35:16 [info]: DBServiceVehicleSettings:getVehicleLatestSettings:SUCCESS 
20-11-2021 21:35:16 [info]: ScraperService:createVehicleSettings:SKIPPED 
20-11-2021 21:35:16 [info]: DBService:createScrappingHistory:START 
20-11-2021 21:35:16 [info]: DBServiceVehicleSettings:getVehicleSettingsLatestVersionNumber:START 
20-11-2021 21:35:16 [info]: DBServiceVehicleSettings:getVehicleSettingsLatestVersionNumber:SUCCESS {"current_version_number":1}
20-11-2021 21:35:17 [info]: DBService:createScrappingHistory:SUCCESS {"scrapping_history_id":467}
20-11-2021 21:35:17 [info]: DBService:getVehicleCategories:START 
20-11-2021 21:35:17 [info]: DBService:getVehicleCategories:SUCCESS {"categories":["5"]}
20-11-2021 21:35:17 [info]: DBServiceVehicleSettings:getVehicleSettingsCategories:START 
20-11-2021 21:35:17 [info]: DBServiceVehicleSettings:getVehicleLatestSettings:START 
20-11-2021 21:35:17 [info]: DBServiceVehicleSettings:getVehicleSettingsLatestVersionNumber:START 
20-11-2021 21:35:17 [info]: DBServiceVehicleSettings:getVehicleSettingsLatestVersionNumber:SUCCESS {"current_version_number":1}
20-11-2021 21:35:17 [info]: DBServiceVehicleSettings:getVehicleLatestSettings:SUCCESS 
20-11-2021 21:35:17 [info]: DBServiceVehicleSettings:getVehicleSettingsCategories:SUCCESS 
20-11-2021 21:35:17 [info]: ScrapVehiclesJob:dispatch:START 
20-11-2021 21:35:17 [info]: ListAmScraper:scrapRealEstates:START 
20-11-2021 21:44:53 [info]: ------------ScraperService:start:START--------------- {"uuid":"d899a579-c764-4e8a-b91c-62460f40efae","source":"list.am","usdRate":490}
20-11-2021 21:44:53 [info]: DBServiceVehicleSettings:getVehicleLatestSettings:START 
20-11-2021 21:44:53 [info]: DBServiceVehicleSettings:getVehicleSettingsLatestVersionNumber:START 
20-11-2021 21:44:53 [info]: DBServiceVehicleSettings:getVehicleSettingsLatestVersionNumber:SUCCESS {"current_version_number":1}
20-11-2021 21:44:53 [info]: DBServiceVehicleSettings:getVehicleLatestSettings:SUCCESS 
20-11-2021 21:44:53 [info]: ScraperService:createVehicleSettings:SKIPPED 
20-11-2021 21:44:53 [info]: DBService:createScrappingHistory:START 
20-11-2021 21:44:53 [info]: DBServiceVehicleSettings:getVehicleSettingsLatestVersionNumber:START 
20-11-2021 21:44:53 [info]: DBServiceVehicleSettings:getVehicleSettingsLatestVersionNumber:SUCCESS {"current_version_number":1}
20-11-2021 21:44:53 [info]: DBService:createScrappingHistory:SUCCESS {"scrapping_history_id":468}
20-11-2021 21:44:53 [info]: DBService:getVehicleCategories:START 
20-11-2021 21:44:53 [info]: DBService:getVehicleCategories:SUCCESS {"categories":["5"]}
20-11-2021 21:44:53 [info]: DBServiceVehicleSettings:getVehicleSettingsCategories:START 
20-11-2021 21:44:53 [info]: DBServiceVehicleSettings:getVehicleLatestSettings:START 
20-11-2021 21:44:53 [info]: DBServiceVehicleSettings:getVehicleSettingsLatestVersionNumber:START 
20-11-2021 21:44:53 [info]: DBServiceVehicleSettings:getVehicleSettingsLatestVersionNumber:SUCCESS {"current_version_number":1}
20-11-2021 21:44:53 [info]: DBServiceVehicleSettings:getVehicleLatestSettings:SUCCESS 
20-11-2021 21:44:53 [info]: DBServiceVehicleSettings:getVehicleSettingsCategories:SUCCESS 
20-11-2021 21:44:54 [info]: ScrapVehiclesJob:dispatch:START 
20-11-2021 21:44:54 [info]: ListAmScraper:scrapRealEstates:START 
20-11-2021 21:45:56 [info]: ------------ScraperService:start:START--------------- {"uuid":"16469847-7160-4535-9cfc-ae265cbb5b12","source":"list.am","usdRate":490}
20-11-2021 21:45:56 [info]: DBServiceVehicleSettings:getVehicleLatestSettings:START 
20-11-2021 21:45:56 [info]: DBServiceVehicleSettings:getVehicleSettingsLatestVersionNumber:START 
20-11-2021 21:45:56 [info]: DBServiceVehicleSettings:getVehicleSettingsLatestVersionNumber:SUCCESS {"current_version_number":1}
20-11-2021 21:45:56 [info]: DBServiceVehicleSettings:getVehicleLatestSettings:SUCCESS 
20-11-2021 21:45:56 [info]: ScraperService:createVehicleSettings:SKIPPED 
20-11-2021 21:45:56 [info]: DBService:createScrappingHistory:START 
20-11-2021 21:45:56 [info]: DBServiceVehicleSettings:getVehicleSettingsLatestVersionNumber:START 
20-11-2021 21:45:56 [info]: DBServiceVehicleSettings:getVehicleSettingsLatestVersionNumber:SUCCESS {"current_version_number":1}
20-11-2021 21:45:57 [info]: DBService:createScrappingHistory:SUCCESS {"scrapping_history_id":469}
20-11-2021 21:45:57 [info]: DBService:getVehicleCategories:START 
20-11-2021 21:45:57 [info]: DBService:getVehicleCategories:SUCCESS {"categories":["5"]}
20-11-2021 21:45:57 [info]: DBServiceVehicleSettings:getVehicleSettingsCategories:START 
20-11-2021 21:45:57 [info]: DBServiceVehicleSettings:getVehicleLatestSettings:START 
20-11-2021 21:45:57 [info]: DBServiceVehicleSettings:getVehicleSettingsLatestVersionNumber:START 
20-11-2021 21:45:57 [info]: DBServiceVehicleSettings:getVehicleSettingsLatestVersionNumber:SUCCESS {"current_version_number":1}
20-11-2021 21:45:57 [info]: DBServiceVehicleSettings:getVehicleLatestSettings:SUCCESS 
20-11-2021 21:45:57 [info]: DBServiceVehicleSettings:getVehicleSettingsCategories:SUCCESS 
20-11-2021 21:45:57 [info]: ScrapVehiclesJob:dispatch:START 
20-11-2021 21:45:57 [info]: ListAmScraper:scrapRealEstates:START 
20-11-2021 21:47:13 [info]: ------------ScraperService:start:START--------------- {"uuid":"ebad54ea-50f4-4f65-b38e-53321b3dc546","source":"list.am","usdRate":490}
20-11-2021 21:47:13 [info]: DBServiceVehicleSettings:getVehicleLatestSettings:START 
20-11-2021 21:47:13 [info]: DBServiceVehicleSettings:getVehicleSettingsLatestVersionNumber:START 
20-11-2021 21:47:13 [info]: DBServiceVehicleSettings:getVehicleSettingsLatestVersionNumber:SUCCESS {"current_version_number":1}
20-11-2021 21:47:13 [info]: DBServiceVehicleSettings:getVehicleLatestSettings:SUCCESS 
20-11-2021 21:47:13 [info]: ScraperService:createVehicleSettings:SKIPPED 
20-11-2021 21:47:13 [info]: DBService:createScrappingHistory:START 
20-11-2021 21:47:13 [info]: DBServiceVehicleSettings:getVehicleSettingsLatestVersionNumber:START 
20-11-2021 21:47:13 [info]: DBServiceVehicleSettings:getVehicleSettingsLatestVersionNumber:SUCCESS {"current_version_number":1}
20-11-2021 21:47:13 [info]: DBService:createScrappingHistory:SUCCESS {"scrapping_history_id":470}
20-11-2021 21:47:13 [info]: DBService:getVehicleCategories:START 
20-11-2021 21:47:13 [info]: DBService:getVehicleCategories:SUCCESS {"categories":["5"]}
20-11-2021 21:47:13 [info]: DBServiceVehicleSettings:getVehicleSettingsCategories:START 
20-11-2021 21:47:13 [info]: DBServiceVehicleSettings:getVehicleLatestSettings:START 
20-11-2021 21:47:13 [info]: DBServiceVehicleSettings:getVehicleSettingsLatestVersionNumber:START 
20-11-2021 21:47:13 [info]: DBServiceVehicleSettings:getVehicleSettingsLatestVersionNumber:SUCCESS {"current_version_number":1}
20-11-2021 21:47:13 [info]: DBServiceVehicleSettings:getVehicleLatestSettings:SUCCESS 
20-11-2021 21:47:13 [info]: DBServiceVehicleSettings:getVehicleSettingsCategories:SUCCESS 
20-11-2021 21:47:13 [info]: ScrapVehiclesJob:dispatch:START 
20-11-2021 21:47:13 [info]: ListAmScraper:scrapRealEstates:START 
20-11-2021 21:48:12 [info]: ------------ScraperService:start:START--------------- {"uuid":"95b18116-5c8a-4f38-9e81-817f2d00a575","source":"list.am","usdRate":490}
20-11-2021 21:48:12 [info]: DBServiceVehicleSettings:getVehicleLatestSettings:START 
20-11-2021 21:48:12 [info]: DBServiceVehicleSettings:getVehicleSettingsLatestVersionNumber:START 
20-11-2021 21:48:12 [info]: DBServiceVehicleSettings:getVehicleSettingsLatestVersionNumber:SUCCESS {"current_version_number":1}
20-11-2021 21:48:12 [info]: DBServiceVehicleSettings:getVehicleLatestSettings:SUCCESS 
20-11-2021 21:48:12 [info]: ScraperService:createVehicleSettings:SKIPPED 
20-11-2021 21:48:12 [info]: DBService:createScrappingHistory:START 
20-11-2021 21:48:12 [info]: DBServiceVehicleSettings:getVehicleSettingsLatestVersionNumber:START 
20-11-2021 21:48:12 [info]: DBServiceVehicleSettings:getVehicleSettingsLatestVersionNumber:SUCCESS {"current_version_number":1}
20-11-2021 21:48:12 [info]: DBService:createScrappingHistory:SUCCESS {"scrapping_history_id":471}
20-11-2021 21:48:12 [info]: DBService:getVehicleCategories:START 
20-11-2021 21:48:12 [info]: DBService:getVehicleCategories:SUCCESS {"categories":["5"]}
20-11-2021 21:48:12 [info]: DBServiceVehicleSettings:getVehicleSettingsCategories:START 
20-11-2021 21:48:12 [info]: DBServiceVehicleSettings:getVehicleLatestSettings:START 
20-11-2021 21:48:12 [info]: DBServiceVehicleSettings:getVehicleSettingsLatestVersionNumber:START 
20-11-2021 21:48:12 [info]: DBServiceVehicleSettings:getVehicleSettingsLatestVersionNumber:SUCCESS {"current_version_number":1}
20-11-2021 21:48:12 [info]: DBServiceVehicleSettings:getVehicleLatestSettings:SUCCESS 
20-11-2021 21:48:12 [info]: DBServiceVehicleSettings:getVehicleSettingsCategories:SUCCESS 
20-11-2021 21:48:12 [info]: ScrapVehiclesJob:dispatch:START 
20-11-2021 21:48:12 [info]: ListAmScraper:scrapRealEstates:START 
20-11-2021 21:49:05 [info]: ------------ScraperService:start:START--------------- {"uuid":"82ca3d36-8981-4c79-afbb-9a86b227c8aa","source":"list.am","usdRate":490}
20-11-2021 21:49:05 [info]: DBServiceVehicleSettings:getVehicleLatestSettings:START 
20-11-2021 21:49:05 [info]: DBServiceVehicleSettings:getVehicleSettingsLatestVersionNumber:START 
20-11-2021 21:49:05 [info]: DBServiceVehicleSettings:getVehicleSettingsLatestVersionNumber:SUCCESS {"current_version_number":1}
20-11-2021 21:49:05 [info]: DBServiceVehicleSettings:getVehicleLatestSettings:SUCCESS 
20-11-2021 21:49:05 [info]: ScraperService:createVehicleSettings:SKIPPED 
20-11-2021 21:49:05 [info]: DBService:createScrappingHistory:START 
20-11-2021 21:49:05 [info]: DBServiceVehicleSettings:getVehicleSettingsLatestVersionNumber:START 
20-11-2021 21:49:05 [info]: DBServiceVehicleSettings:getVehicleSettingsLatestVersionNumber:SUCCESS {"current_version_number":1}
20-11-2021 21:49:05 [info]: DBService:createScrappingHistory:SUCCESS {"scrapping_history_id":472}
20-11-2021 21:49:05 [info]: DBService:getVehicleCategories:START 
20-11-2021 21:49:05 [info]: DBService:getVehicleCategories:SUCCESS {"categories":["5"]}
20-11-2021 21:49:05 [info]: DBServiceVehicleSettings:getVehicleSettingsCategories:START 
20-11-2021 21:49:05 [info]: DBServiceVehicleSettings:getVehicleLatestSettings:START 
20-11-2021 21:49:05 [info]: DBServiceVehicleSettings:getVehicleSettingsLatestVersionNumber:START 
20-11-2021 21:49:05 [info]: DBServiceVehicleSettings:getVehicleSettingsLatestVersionNumber:SUCCESS {"current_version_number":1}
20-11-2021 21:49:05 [info]: DBServiceVehicleSettings:getVehicleLatestSettings:SUCCESS 
20-11-2021 21:49:05 [info]: DBServiceVehicleSettings:getVehicleSettingsCategories:SUCCESS 
20-11-2021 21:49:05 [info]: ScrapVehiclesJob:dispatch:START 
20-11-2021 21:49:05 [info]: ListAmScraper:scrapRealEstates:START 
